<?xml version="1.0" encoding="UTF-8"?>
<!-- Generated by org.testng.reporters.JUnitReportReporter -->
<testsuite hostname="DESKTOP-O55CN0U" failures="0" tests="1" name="com.icix.TestCases.QA_28_Test" time="277.116" errors="0" timestamp="01 Jan 2019 13:32:41 GMT" skipped="0">
  <testcase classname="com.icix.TestCases.QA_28_Test" name="OpenRequestPage" time="277.116"/>
</testsuite> <!-- com.icix.TestCases.QA_28_Test -->
